[debug] [2022-02-01T16:17:09.642Z] ----------------------------------------------------------------------
[debug] [2022-02-01T16:17:09.645Z] Command:       C:\Program Files\nodejs\node.exe C:\Users\alazarov\AppData\Roaming\npm\node_modules\firebase-tools\lib\bin\firebase.js init
[debug] [2022-02-01T16:17:09.645Z] CLI Version:   10.1.3
[debug] [2022-02-01T16:17:09.645Z] Platform:      win32
[debug] [2022-02-01T16:17:09.645Z] Node Version:  v14.15.5
[debug] [2022-02-01T16:17:09.646Z] Time:          Tue Feb 01 2022 18:17:09 GMT+0200 (Israel Standard Time)
[debug] [2022-02-01T16:17:09.647Z] ----------------------------------------------------------------------
[debug] 
[debug] [2022-02-01T16:17:09.655Z] > command requires scopes: ["email","openid","https://www.googleapis.com/auth/cloudplatformprojects.readonly","https://www.googleapis.com/auth/firebase","https://www.googleapis.com/auth/cloud-platform"]
[debug] [2022-02-01T16:17:09.655Z] > authorizing via signed-in user (alex.lazarovichh@gmail.com)
[info] 
     ######## #### ########  ######## ########     ###     ######  ########
     ##        ##  ##     ## ##       ##     ##  ##   ##  ##       ##
     ######    ##  ########  ######   ########  #########  ######  ######
     ##        ##  ##    ##  ##       ##     ## ##     ##       ## ##
     ##       #### ##     ## ######## ########  ##     ##  ######  ########

You're about to initialize a Firebase project in this directory:

  C:\Users\alazarov\WebstormProjects\shift

[info] 
=== Project Setup
[info] 
[info] First, let's associate this project directory with a Firebase project.
[info] You can create multiple project aliases by running firebase use --add, 
[info] but for now we'll just set up a default project.
[info] 
[debug] [2022-02-01T16:17:26.255Z] >>> [apiv2][query] GET https://firebase.googleapis.com/v1beta1/projects pageSize=100
[debug] [2022-02-01T16:17:36.509Z] <<< [apiv2][status] GET https://firebase.googleapis.com/v1beta1/projects 500
[debug] [2022-02-01T16:17:36.509Z] <<< [apiv2][body] GET https://firebase.googleapis.com/v1beta1/projects [omitted]
[debug] [2022-02-01T16:17:36.510Z] HTTP Error: 500, Internal error encountered.
[debug] [2022-02-01T16:17:36.760Z] FirebaseError: HTTP Error: 500, Internal error encountered.
    at module.exports (C:\Users\alazarov\AppData\Roaming\npm\node_modules\firebase-tools\lib\responseToError.js:38:12)
    at RetryOperation._fn (C:\Users\alazarov\AppData\Roaming\npm\node_modules\firebase-tools\lib\apiv2.js:282:39)
    at processTicksAndRejections (internal/process/task_queues.js:93:5)
[error] 
[error] Error: Failed to list Firebase projects. See firebase-debug.log for more info.
